<?xml version="1.0" encoding="UTF-8"?>
<!-- Generated by org.testng.reporters.JUnitXMLReporter -->
<testsuite hostname="SAHIL" ignored="4" name="Test" tests="3" failures="0" timestamp="2020-07-15T18:36:14 IST" time="13.551" errors="0">
  <testcase name="login" time="9.387" classname="TestNG_Grouping.Login"/>
  <testcase name="logout" time="2.76" classname="TestNG_Grouping.Login"/>
  <testcase name="Forget_Pass" time="1.26" classname="TestNG_Grouping.Home"/>
  <testcase name="@AfterSuite close_browser" time="0.0" classname="TestNG_Grouping.Driver">
    <ignored/>
  </testcase> <!-- @AfterSuite close_browser -->
  <testcase name="@AfterSuite close_browser" time="0.0" classname="TestNG_Grouping.Driver">
    <ignored/>
  </testcase> <!-- @AfterSuite close_browser -->
  <testcase name="@BeforeSuite Launch_Driver" time="0.0" classname="TestNG_Grouping.Driver">
    <ignored/>
  </testcase> <!-- @BeforeSuite Launch_Driver -->
  <testcase name="@BeforeSuite Launch_Driver" time="0.0" classname="TestNG_Grouping.Driver">
    <ignored/>
  </testcase> <!-- @BeforeSuite Launch_Driver -->
</testsuite> <!-- Test -->
