<?xml version="1.0" encoding="UTF-8"?>
<testng-results skipped="0" failed="0" ignored="0" total="1" passed="1">
  <reporter-output>
  </reporter-output>
  <suite name="OrangeHRM" duration-ms="119" started-at="2020-07-30T22:33:09 IST" finished-at="2020-07-30T22:33:09 IST">
    <groups>
    </groups>
    <test name="New_Test" duration-ms="119" started-at="2020-07-30T22:33:09 IST" finished-at="2020-07-30T22:33:09 IST">
      <class name="Testng_demo.Parameter_Demo">
        <test-method status="PASS" signature="login(java.lang.String, java.lang.String)[pri:0, instance:Testng_demo.Parameter_Demo@22a67b4]" name="login" duration-ms="15" started-at="2020-07-30T22:33:09 IST" finished-at="2020-07-30T22:33:09 IST">
          <params>
            <param index="0">
              <value>
                <![CDATA[sahil]]>
              </value>
            </param>
            <param index="1">
              <value>
                <![CDATA[12345]]>
              </value>
            </param>
          </params>
          <reporter-output>
          </reporter-output>
        </test-method> <!-- login -->
      </class> <!-- Testng_demo.Parameter_Demo -->
    </test> <!-- New_Test -->
  </suite> <!-- OrangeHRM -->
</testng-results>
